{
  "RSpec": {
    "coverage": {
      "/home/itakeshi/rails/hokui/app/helpers/application_helper.rb": [
        1,
        null
      ],
      "/home/itakeshi/rails/hokui/app/models/user.rb": [
        1,
        1,
        1,
        null,
        null,
        null,
        1,
        null,
        null,
        1,
        null,
        null,
        1,
        null,
        null,
        null,
        1,
        null,
        null,
        1,
        null,
        null,
        null,
        null,
        1,
        null,
        null,
        null,
        1,
        null,
        null,
        1,
        null,
        null,
        1,
        null,
        null,
        1,
        null,
        null,
        null,
        null,
        null
      ]
    },
    "timestamp": 1344063297
  }
}
